<?xml version="1.0" encoding="UTF-8"?>
<!-- Generated by org.testng.reporters.JUnitReportReporter -->
<testsuite skipped="0" hostname="BRIDT-1605" name="com.amazon.test.AmazonTest1" tests="3" failures="0" timestamp="30 Aug 2017 08:43:11 GMT" time="25.954" errors="0">
  <testcase name="method3" time="0.004" classname="com.amazon.test.AmazonTest1"/>
  <testcase name="method1" time="25.949" classname="com.amazon.test.AmazonTest1"/>
  <testcase name="method2" time="0.001" classname="com.amazon.test.AmazonTest1"/>
</testsuite> <!-- com.amazon.test.AmazonTest1 -->
