<?xml version="1.0" encoding="UTF-8"?>
<!-- Generated by org.testng.reporters.JUnitReportReporter -->
<testsuite skipped="0" hostname="BRIDT-1605" name="com.amazon.test.AmazonTest2" tests="3" failures="0" timestamp="23 Aug 2017 09:59:15 GMT" time="0.037" errors="0">
  <testcase name="method21" time="0.025" classname="com.amazon.test.AmazonTest2"/>
  <testcase name="method22" time="0.002" classname="com.amazon.test.AmazonTest2"/>
  <testcase name="method23" time="0.010" classname="com.amazon.test.AmazonTest2"/>
</testsuite> <!-- com.amazon.test.AmazonTest2 -->
